

*******************************************************************************
Mon Jul  1 12:55:35 2019


FIT:    data read from "dat.dat" u 1:2
        format = x:z
        #datapoints = 350
        residuals are weighted equally (unit weight)

function used for fitting: f(x)
fitted parameters initialized with current variable values



 Iteration 0
 WSSR        : 4.31578e+15       delta(WSSR)/WSSR   : 0
 delta(WSSR) : 0                 limit for stopping : 1e-05
 lambda	  : 142.582

initial set of free parameter values

m               = 1
b               = 1

After 5 iterations the fit converged.
final sum of squares of residuals : 2.03792e+09
rel. change during last iteration : -7.03074e-06

degrees of freedom    (FIT_NDF)                        : 348
rms of residuals      (FIT_STDFIT) = sqrt(WSSR/ndf)    : 2419.94
variance of residuals (reduced chisquare) = WSSR/ndf   : 5.8561e+06

Final set of parameters            Asymptotic Standard Error
=======================            ==========================

m               = -1.40108         +/- 1.28         (91.38%)
b               = 3.51194e+06      +/- 258.1        (0.007351%)


correlation matrix of the fit parameters:

               m      b      
m               1.000 
b              -0.865  1.000 


*******************************************************************************
Mon Jul  1 12:58:37 2019


FIT:    data read from 'dat.dat' u 1:2
        format = x:z
        #datapoints = 350
        residuals are weighted equally (unit weight)

function used for fitting: f(x)
fitted parameters initialized with current variable values



 Iteration 0
 WSSR        : 4.31578e+15       delta(WSSR)/WSSR   : 0
 delta(WSSR) : 0                 limit for stopping : 1e-05
 lambda	  : 142.582

initial set of free parameter values

m               = 1
b               = 1

After 5 iterations the fit converged.
final sum of squares of residuals : 2.03792e+09
rel. change during last iteration : -7.03074e-06

degrees of freedom    (FIT_NDF)                        : 348
rms of residuals      (FIT_STDFIT) = sqrt(WSSR/ndf)    : 2419.94
variance of residuals (reduced chisquare) = WSSR/ndf   : 5.8561e+06

Final set of parameters            Asymptotic Standard Error
=======================            ==========================

m               = -1.40108         +/- 1.28         (91.38%)
b               = 3.51194e+06      +/- 258.1        (0.007351%)


correlation matrix of the fit parameters:

               m      b      
m               1.000 
b              -0.865  1.000 


*******************************************************************************
Mon Jul  1 13:00:22 2019


FIT:    data read from 'dat.dat' u 1:2
        format = x:z
        #datapoints = 350
        residuals are weighted equally (unit weight)

function used for fitting: f(x)
fitted parameters initialized with current variable values



 Iteration 0
 WSSR        : 4.41293e+07       delta(WSSR)/WSSR   : 0
 delta(WSSR) : 0                 limit for stopping : 1e-05
 lambda	  : 142.582

initial set of free parameter values

m               = 1
b               = 1

After 5 iterations the fit converged.
final sum of squares of residuals : 68484.1
rel. change during last iteration : -2.55833e-09

degrees of freedom    (FIT_NDF)                        : 348
rms of residuals      (FIT_STDFIT) = sqrt(WSSR/ndf)    : 14.0283
variance of residuals (reduced chisquare) = WSSR/ndf   : 196.793

Final set of parameters            Asymptotic Standard Error
=======================            ==========================

m               = 0.804615         +/- 0.007422     (0.9224%)
b               = 389.352          +/- 1.496        (0.3844%)


correlation matrix of the fit parameters:

               m      b      
m               1.000 
b              -0.865  1.000 


*******************************************************************************
Mon Jul  1 13:02:15 2019


FIT:    data read from 'dat.dat' u 1:2
        format = x:z
        #datapoints = 350
        residuals are weighted equally (unit weight)

function used for fitting: f(x)
fitted parameters initialized with current variable values



 Iteration 0
 WSSR        : 4.41293e+07       delta(WSSR)/WSSR   : 0
 delta(WSSR) : 0                 limit for stopping : 1e-05
 lambda	  : 142.582

initial set of free parameter values

m               = 1
b               = 1

After 5 iterations the fit converged.
final sum of squares of residuals : 68484.1
rel. change during last iteration : -2.55833e-09

degrees of freedom    (FIT_NDF)                        : 348
rms of residuals      (FIT_STDFIT) = sqrt(WSSR/ndf)    : 14.0283
variance of residuals (reduced chisquare) = WSSR/ndf   : 196.793

Final set of parameters            Asymptotic Standard Error
=======================            ==========================

m               = 0.804615         +/- 0.007422     (0.9224%)
b               = 389.352          +/- 1.496        (0.3844%)


correlation matrix of the fit parameters:

               m      b      
m               1.000 
b              -0.865  1.000 


*******************************************************************************
Mon Jul  1 13:08:06 2019


FIT:    data read from 'dat.dat' u 1:2
        format = x:z
        #datapoints = 350
        residuals are weighted equally (unit weight)

function used for fitting: f(x)
fitted parameters initialized with current variable values



 Iteration 0
 WSSR        : 8.50181e+07       delta(WSSR)/WSSR   : 0
 delta(WSSR) : 0                 limit for stopping : 1e-05
 lambda	  : 142.582

initial set of free parameter values

m               = 1
b               = 1

After 5 iterations the fit converged.
final sum of squares of residuals : 1800.92
rel. change during last iteration : -1.80946e-07

degrees of freedom    (FIT_NDF)                        : 348
rms of residuals      (FIT_STDFIT) = sqrt(WSSR/ndf)    : 2.27487
variance of residuals (reduced chisquare) = WSSR/ndf   : 5.17505

Final set of parameters            Asymptotic Standard Error
=======================            ==========================

m               = 0.786529         +/- 0.001204     (0.153%)
b               = 530.631          +/- 0.2427       (0.04573%)


correlation matrix of the fit parameters:

               m      b      
m               1.000 
b              -0.865  1.000 


*******************************************************************************
Mon Jul  1 13:14:04 2019


FIT:    data read from 'dat.dat' u 1:2
        format = x:z
        #datapoints = 350
        residuals are weighted equally (unit weight)

function used for fitting: f(x)
fitted parameters initialized with current variable values



 Iteration 0
 WSSR        : 8.40222e+07       delta(WSSR)/WSSR   : 0
 delta(WSSR) : 0                 limit for stopping : 1e-05
 lambda	  : 142.582

initial set of free parameter values

m               = 1
b               = 1

After 5 iterations the fit converged.
final sum of squares of residuals : 5659.68
rel. change during last iteration : -5.72419e-08

degrees of freedom    (FIT_NDF)                        : 348
rms of residuals      (FIT_STDFIT) = sqrt(WSSR/ndf)    : 4.0328
variance of residuals (reduced chisquare) = WSSR/ndf   : 16.2635

Final set of parameters            Asymptotic Standard Error
=======================            ==========================

m               = 0.778498         +/- 0.002134     (0.2741%)
b               = 529.087          +/- 0.4302       (0.08131%)


correlation matrix of the fit parameters:

               m      b      
m               1.000 
b              -0.865  1.000 


*******************************************************************************
Mon Jul  1 13:15:47 2019


FIT:    data read from 'dat.dat' u 1:2
        format = x:z
        #datapoints = 350
        residuals are weighted equally (unit weight)

function used for fitting: f(x)
fitted parameters initialized with current variable values



 Iteration 0
 WSSR        : 1.49464e+12       delta(WSSR)/WSSR   : 0
 delta(WSSR) : 0                 limit for stopping : 1e-05
 lambda	  : 142.582

initial set of free parameter values

m               = 1
b               = 1

After 5 iterations the fit converged.
final sum of squares of residuals : 777145
rel. change during last iteration : -6.39244e-06

degrees of freedom    (FIT_NDF)                        : 348
rms of residuals      (FIT_STDFIT) = sqrt(WSSR/ndf)    : 47.2565
variance of residuals (reduced chisquare) = WSSR/ndf   : 2233.18

Final set of parameters            Asymptotic Standard Error
=======================            ==========================

m               = 0.73779          +/- 0.025        (3.389%)
b               = 65395            +/- 5.041        (0.007709%)


correlation matrix of the fit parameters:

               m      b      
m               1.000 
b              -0.865  1.000 
